# JRE version: Java(TM) SE Runtime Environment (17.0.9+11) (build 17.0.9+11-LTS-201)
# Java VM: Java HotSpot(TM) 64-Bit Server VM (17.0.9+11-LTS-201, mixed mode, sharing, tiered, compressed oops, compressed class ptrs, g1 gc, windows-amd64)
GC Precious Log:
 CPUs: 8 total, 8 available
 Memory: 7953M
 Large Page Support: Disabled
 NUMA Support: Disabled
 Compressed Oops: Enabled (32-bit)
 Heap Region Size: 1M
 Heap Min Capacity: 256M
 Heap Initial Capacity: 256M
 Heap Max Capacity: 512M
 Pre-touch: Disabled
 Parallel Workers: 8
 Concurrent Workers: 2
 Concurrent Refinement Workers: 8
 Periodic GC: Disabled
Heap:
 garbage-first heap   total 358400K, used 204809K [0x00000000e0000000, 0x0000000100000000)
  region size 1024K, 86 young (88064K), 10 survivors (10240K)
 Metaspace       used 89829K, committed 91520K, reserved 458752K
  class space    used 11774K, committed 12608K, reserved 327680K
GC Heap History (20 events):
Event: 1917.173 GC heap before
{Heap before GC invocations=70 (full 0):
 garbage-first heap   total 324608K, used 266297K [0x00000000e0000000, 0x0000000100000000)
  region size 1024K, 99 young (101376K), 13 survivors (13312K)
 Metaspace       used 85617K, committed 87168K, reserved 458752K
  class space    used 11402K, committed 12160K, reserved 327680K
}
Event: 1917.227 GC heap after
{Heap after GC invocations=71 (full 0):
 garbage-first heap   total 324608K, used 168690K [0x00000000e0000000, 0x0000000100000000)
  region size 1024K, 2 young (2048K), 2 survivors (2048K)
 Metaspace       used 85617K, committed 87168K, reserved 458752K
  class space    used 11402K, committed 12160K, reserved 327680K
}
Event: 2779.030 GC heap before
{Heap before GC invocations=71 (full 0):
 garbage-first heap   total 324608K, used 270066K [0x00000000e0000000, 0x0000000100000000)
  region size 1024K, 102 young (104448K), 2 survivors (2048K)
 Metaspace       used 85683K, committed 87232K, reserved 458752K
  class space    used 11402K, committed 12160K, reserved 327680K
}
Event: 2779.060 GC heap after
{Heap after GC invocations=72 (full 0):
 garbage-first heap   total 324608K, used 174353K [0x00000000e0000000, 0x0000000100000000)
  region size 1024K, 8 young (8192K), 8 survivors (8192K)
 Metaspace       used 85683K, committed 87232K, reserved 458752K
  class space    used 11402K, committed 12160K, reserved 327680K
}
Event: 2779.982 GC heap before
{Heap before GC invocations=72 (full 0):
 garbage-first heap   total 324608K, used 269585K [0x00000000e0000000, 0x0000000100000000)
  region size 1024K, 101 young (103424K), 8 survivors (8192K)
 Metaspace       used 85684K, committed 87232K, reserved 458752K
  class space    used 11403K, committed 12160K, reserved 327680K
}
Event: 2780.012 GC heap after
{Heap after GC invocations=73 (full 0):
 garbage-first heap   total 324608K, used 182833K [0x00000000e0000000, 0x0000000100000000)
  region size 1024K, 9 young (9216K), 9 survivors (9216K)
 Metaspace       used 85684K, committed 87232K, reserved 458752K
  class space    used 11403K, committed 12160K, reserved 327680K
}
Event: 2781.357 GC heap before
{Heap before GC invocations=73 (full 0):
 garbage-first heap   total 324608K, used 270897K [0x00000000e0000000, 0x0000000100000000)
  region size 1024K, 95 young (97280K), 9 survivors (9216K)
 Metaspace       used 85889K, committed 87424K, reserved 458752K
  class space    used 11411K, committed 12160K, reserved 327680K
}
Event: 2781.394 GC heap after
{Heap after GC invocations=74 (full 0):
 garbage-first heap   total 324608K, used 203904K [0x00000000e0000000, 0x0000000100000000)
  region size 1024K, 12 young (12288K), 12 survivors (12288K)
 Metaspace       used 85889K, committed 87424K, reserved 458752K
  class space    used 11411K, committed 12160K, reserved 327680K
}
Event: 2782.949 GC heap before
{Heap before GC invocations=74 (full 0):
 garbage-first heap   total 324608K, used 262272K [0x00000000e0000000, 0x0000000100000000)
  region size 1024K, 70 young (71680K), 12 survivors (12288K)
 Metaspace       used 87266K, committed 88832K, reserved 458752K
  class space    used 11564K, committed 12352K, reserved 327680K
}
Event: 2783.000 GC heap after
{Heap after GC invocations=75 (full 0):
 garbage-first heap   total 324608K, used 210466K [0x00000000e0000000, 0x0000000100000000)
  region size 1024K, 6 young (6144K), 6 survivors (6144K)
 Metaspace       used 87266K, committed 88832K, reserved 458752K
  class space    used 11564K, committed 12352K, reserved 327680K
}
Event: 2783.992 GC heap before
{Heap before GC invocations=76 (full 0):
 garbage-first heap   total 358400K, used 243234K [0x00000000e0000000, 0x0000000100000000)
  region size 1024K, 62 young (63488K), 6 survivors (6144K)
 Metaspace       used 87634K, committed 89280K, reserved 458752K
  class space    used 11603K, committed 12416K, reserved 327680K
}
Event: 2784.024 GC heap after
{Heap after GC invocations=77 (full 0):
 garbage-first heap   total 358400K, used 187228K [0x00000000e0000000, 0x0000000100000000)
  region size 1024K, 2 young (2048K), 2 survivors (2048K)
 Metaspace       used 87634K, committed 89280K, reserved 458752K
  class space    used 11603K, committed 12416K, reserved 327680K
}
Event: 2784.147 GC heap before
{Heap before GC invocations=77 (full 0):
 garbage-first heap   total 358400K, used 202588K [0x00000000e0000000, 0x0000000100000000)
  region size 1024K, 17 young (17408K), 2 survivors (2048K)
 Metaspace       used 87653K, committed 89280K, reserved 458752K
  class space    used 11603K, committed 12416K, reserved 327680K
}
Event: 2784.157 GC heap after
{Heap after GC invocations=78 (full 0):
 garbage-first heap   total 358400K, used 151255K [0x00000000e0000000, 0x0000000100000000)
  region size 1024K, 2 young (2048K), 2 survivors (2048K)
 Metaspace       used 87653K, committed 89280K, reserved 458752K
  class space    used 11603K, committed 12416K, reserved 327680K
}
Event: 2784.233 GC heap before
{Heap before GC invocations=78 (full 0):
 garbage-first heap   total 358400K, used 166615K [0x00000000e0000000, 0x0000000100000000)
  region size 1024K, 17 young (17408K), 2 survivors (2048K)
 Metaspace       used 87682K, committed 89344K, reserved 458752K
  class space    used 11604K, committed 12416K, reserved 327680K
}
Event: 2784.252 GC heap after
{Heap after GC invocations=79 (full 0):
 garbage-first heap   total 358400K, used 121393K [0x00000000e0000000, 0x0000000100000000)
  region size 1024K, 2 young (2048K), 2 survivors (2048K)
 Metaspace       used 87682K, committed 89344K, reserved 458752K
  class space    used 11604K, committed 12416K, reserved 327680K
}
Event: 2784.373 GC heap before
{Heap before GC invocations=79 (full 0):
 garbage-first heap   total 358400K, used 136753K [0x00000000e0000000, 0x0000000100000000)
  region size 1024K, 17 young (17408K), 2 survivors (2048K)
 Metaspace       used 87732K, committed 89408K, reserved 458752K
  class space    used 11604K, committed 12416K, reserved 327680K
}
Event: 2784.378 GC heap after
{Heap after GC invocations=80 (full 0):
 garbage-first heap   total 358400K, used 118781K [0x00000000e0000000, 0x0000000100000000)
  region size 1024K, 1 young (1024K), 1 survivors (1024K)
 Metaspace       used 87732K, committed 89408K, reserved 458752K
  class space    used 11604K, committed 12416K, reserved 327680K
}
Event: 2799.713 GC heap before
{Heap before GC invocations=80 (full 0):
 garbage-first heap   total 358400K, used 273405K [0x00000000e0000000, 0x0000000100000000)
  region size 1024K, 153 young (156672K), 1 survivors (1024K)
 Metaspace       used 89829K, committed 91520K, reserved 458752K
  class space    used 11774K, committed 12608K, reserved 327680K
}
Event: 2799.754 GC heap after
{Heap after GC invocations=81 (full 0):
 garbage-first heap   total 358400K, used 128009K [0x00000000e0000000, 0x0000000100000000)
  region size 1024K, 10 young (10240K), 10 survivors (10240K)
 Metaspace       used 89829K, committed 91520K, reserved 458752K
  class space    used 11774K, committed 12608K, reserved 327680K
}

